<?xml version="1.0" encoding="UTF-8"?>
<!-- Generated by org.testng.reporters.JUnitXMLReporter -->
<testsuite ignored="0" hostname="durga" failures="0" tests="5" name="Surefire test" time="10.96" errors="0" timestamp="2025-12-21T12:11:48 IST">
  <testcase classname="com.Calculator.Calculator_Test" name="testAddition" time="0.006"/>
  <testcase classname="com.Calculator.Calculator_Test" name="testSubtraction" time="0.0"/>
  <testcase classname="com.Calculator.Calculator_Test" name="testMultiplication" time="0.0"/>
  <testcase classname="com.Calculator.Calculator_Test" name="testDivision" time="0.001"/>
  <testcase classname="com.webtables.test.WebTable_Test" name="verifyWebTableData" time="5.481"/>
</testsuite> <!-- Surefire test -->
