<?xml version="1.0" encoding="UTF-8"?>
<!-- Generated by org.testng.reporters.JUnitXMLReporter -->
<testsuite ignored="0" hostname="durga" failures="0" tests="3" name="HomePageTest" time="4.676" errors="0" timestamp="2025-04-29T11:51:21 IST">
  <testcase classname="com.CRM.TestCase.HomePageTestCase" name="testAppUrl" time="0.031"/>
  <testcase classname="com.CRM.TestCase.HomePageTestCase" name="testAppTitle" time="0.022"/>
  <testcase classname="com.CRM.TestCase.HomePageTestCase" name="testSignInLink" time="0.588"/>
</testsuite> <!-- HomePageTest -->
