<?xml version="1.0" encoding="UTF-8"?>
<!-- Generated by org.testng.reporters.JUnitXMLReporter -->
<testsuite ignored="0" hostname="durga" failures="0" tests="3" name="HomePageTest" time="8.757" errors="0" timestamp="2025-05-06T12:12:35 IST">
  <testcase classname="com.CRM.TestCase.HomePageTestCase" name="testAppUrl" time="0.032"/>
  <testcase classname="com.CRM.TestCase.HomePageTestCase" name="testAppTitle" time="0.015"/>
  <testcase classname="com.CRM.TestCase.HomePageTestCase" name="testSignInLink" time="1.696"/>
</testsuite> <!-- HomePageTest -->
