<?xml version="1.0" encoding="UTF-8"?>
<!-- Generated by org.testng.reporters.JUnitXMLReporter -->
<testsuite ignored="0" hostname="durga" failures="1" tests="1" name="LoginPageTest" time="9.566" errors="0" timestamp="2025-04-29T11:51:31 IST">
  <testcase classname="com.CRM.TestCase.LoginPageTestCase" name="validateLogin" time="4.536">
    <failure type="java.lang.AssertionError" message="Test Fail : Login Fail! expected [true] but found [false]">
      <![CDATA[java.lang.AssertionError: Test Fail : Login Fail! expected [true] but found [false]
at com.CRM.TestCase.LoginPageTestCase.validateLogin(LoginPageTestCase.java:23)
at java.base/java.util.ArrayList.forEach(ArrayList.java:1597)
... Removed 28 stack frames]]>
    </failure>
  </testcase> <!-- validateLogin -->
</testsuite> <!-- LoginPageTest -->
