<?xml version="1.0" encoding="UTF-8"?>
<testng-results ignored="0" total="4" passed="4" failed="0" skipped="0">
  <reporter-output>
  </reporter-output>
  <suite started-at="2025-05-01T12:19:23 IST" name="Suite" finished-at="2025-05-01T12:19:42 IST" duration-ms="18157">
    <groups>
    </groups>
    <test started-at="2025-05-01T12:19:23 IST" name="HomePageTest" finished-at="2025-05-01T12:19:31 IST" duration-ms="7454">
      <class name="com.CRM.TestCase.HomePageTestCase">
        <test-method is-config="true" signature="setUp()[pri:0, instance:com.CRM.TestCase.HomePageTestCase@6302bbb1]" started-at="2025-05-01T12:19:23 IST" name="setUp" finished-at="2025-05-01T12:19:28 IST" duration-ms="4736" status="PASS">
          <reporter-output>
          </reporter-output>
        </test-method> <!-- setUp -->
        <test-method signature="testAppUrl()[pri:1, instance:com.CRM.TestCase.HomePageTestCase@6302bbb1]" started-at="2025-05-01T12:19:28 IST" name="testAppUrl" finished-at="2025-05-01T12:19:28 IST" duration-ms="21" status="PASS">
          <reporter-output>
          </reporter-output>
        </test-method> <!-- testAppUrl -->
        <test-method signature="testAppTitle()[pri:2, instance:com.CRM.TestCase.HomePageTestCase@6302bbb1]" started-at="2025-05-01T12:19:28 IST" name="testAppTitle" finished-at="2025-05-01T12:19:28 IST" duration-ms="21" status="PASS">
          <reporter-output>
          </reporter-output>
        </test-method> <!-- testAppTitle -->
        <test-method signature="testSignInLink()[pri:3, instance:com.CRM.TestCase.HomePageTestCase@6302bbb1]" started-at="2025-05-01T12:19:28 IST" name="testSignInLink" finished-at="2025-05-01T12:19:31 IST" duration-ms="2592" status="PASS">
          <reporter-output>
          </reporter-output>
        </test-method> <!-- testSignInLink -->
      </class> <!-- com.CRM.TestCase.HomePageTestCase -->
    </test> <!-- HomePageTest -->
    <test started-at="2025-05-01T12:19:31 IST" name="LoginPageTest" finished-at="2025-05-01T12:19:42 IST" duration-ms="10656">
      <class name="com.CRM.TestCase.LoginPageTestCase">
        <test-method is-config="true" signature="setUp()[pri:0, instance:com.CRM.TestCase.LoginPageTestCase@2d1ef81a]" started-at="2025-05-01T12:19:31 IST" name="setUp" finished-at="2025-05-01T12:19:35 IST" duration-ms="4003" status="PASS">
          <reporter-output>
          </reporter-output>
        </test-method> <!-- setUp -->
        <test-method is-config="true" signature="pageSetUp()[pri:0, instance:com.CRM.TestCase.LoginPageTestCase@2d1ef81a]" started-at="2025-05-01T12:19:35 IST" name="pageSetUp" finished-at="2025-05-01T12:19:36 IST" duration-ms="1301" status="PASS">
          <reporter-output>
          </reporter-output>
        </test-method> <!-- pageSetUp -->
        <test-method signature="validateLogin()[pri:0, instance:com.CRM.TestCase.LoginPageTestCase@2d1ef81a]" started-at="2025-05-01T12:19:36 IST" name="validateLogin" finished-at="2025-05-01T12:19:42 IST" duration-ms="5348" status="PASS">
          <reporter-output>
          </reporter-output>
        </test-method> <!-- validateLogin -->
      </class> <!-- com.CRM.TestCase.LoginPageTestCase -->
    </test> <!-- LoginPageTest -->
  </suite> <!-- Suite -->
</testng-results>
