<?xml version="1.0" encoding="UTF-8"?>
<testsuite xmlns:xsi="http://www.w3.org/2001/XMLSchema-instance" xsi:noNamespaceSchemaLocation="https://maven.apache.org/surefire/maven-surefire-plugin/xsd/surefire-test-report.xsd" version="3.0.2" name="TestSuite" time="18.926" tests="4" errors="0" skipped="0" failures="0">
  <properties>
[...]
</properties>
  <testcase name="testAppUrl" classname="com.CRM.TestCase.HomePageTestCase" time="0.025">
    <system-out><![CDATA[Test Pass : Url Matched!
]]></system-out>
    <system-err><![CDATA[SLF4J(W): No SLF4J providers were found.
SLF4J(W): Defaulting to no-operation (NOP) logger implementation
SLF4J(W): See https://www.slf4j.org/codes.html#noProviders for further details.
May 01, 2025 12:19:25 PM org.openqa.selenium.devtools.CdpVersionFinder findNearestMatch
WARNING: Unable to find an exact match for CDP version 135, returning the closest version; found: 133; Please update to a Selenium version that supports CDP version 135
]]></system-err>
  </testcase>
  <testcase name="testAppTitle" classname="com.CRM.TestCase.HomePageTestCase" time="0.012">
    <system-out><![CDATA[Test Pass : Title Matched!
]]></system-out>
  </testcase>
  <testcase name="testSignInLink" classname="com.CRM.TestCase.HomePageTestCase" time="2.592">
    <system-out><![CDATA[Test Pass: Application navigating to Login Page!
]]></system-out>
  </testcase>
  <testcase name="validateLogin" classname="com.CRM.TestCase.LoginPageTestCase" time="5.353">
    <system-out><![CDATA[Test Pass: Login completed!
]]></system-out>
    <system-err><![CDATA[May 01, 2025 12:19:33 PM org.openqa.selenium.devtools.CdpVersionFinder findNearestMatch
WARNING: Unable to find an exact match for CDP version 135, returning the closest version; found: 133; Please update to a Selenium version that supports CDP version 135
]]></system-err>
  </testcase>
</testsuite>