<?xml version="1.0" encoding="UTF-8"?>
<testsuite xmlns:xsi="http://www.w3.org/2001/XMLSchema-instance" xsi:noNamespaceSchemaLocation="https://maven.apache.org/surefire/maven-surefire-plugin/xsd/surefire-test-report-3.0.xsd" version="3.0" name="TestSuite" time="11.434" tests="5" errors="0" skipped="0" failures="0">
  <properties>
[...]
</properties>
  <testcase name="testAddition" classname="com.Calculator.Calculator_Test" time="0.006"/>
  <testcase name="testSubtraction" classname="com.Calculator.Calculator_Test" time="0.0"/>
  <testcase name="testMultiplication" classname="com.Calculator.Calculator_Test" time="0.0"/>
  <testcase name="testDivision" classname="com.Calculator.Calculator_Test" time="0.0"/>
  <testcase name="verifyWebTableData" classname="com.webtables.test.WebTable_Test" time="5.481">
    <system-out><![CDATA[Rows: 10
Columns: 0
Cierra
Vega
39
cierra@example.com
10000
Insurance
Alden
Cantrell
45
alden@example.com
12000
Compliance
Kierra
Gentry
29
kierra@example.com
2000
Legal
Salary: 10000
]]></system-out>
    <system-err><![CDATA[Dec 21, 2025 12:11:39 PM org.openqa.selenium.devtools.CdpVersionFinder findNearestMatch
WARNING: Unable to find CDP implementation matching 143
Dec 21, 2025 12:11:39 PM org.openqa.selenium.chromium.ChromiumDriver lambda$new$4
WARNING: Unable to find version of CDP to use for 143.0.7499.41. You may need to include a dependency on a specific version of the CDP using something similar to `org.seleniumhq.selenium:selenium-devtools-v86:4.28.1` where the version ("v86") matches the version of the chromium-based browser you're using and the version number of the artifact is the same as Selenium's.
]]></system-err>
  </testcase>
</testsuite>