<?xml version="1.0" encoding="UTF-8"?>
<testng-results ignored="0" total="4" passed="3" failed="1" skipped="0">
  <reporter-output>
  </reporter-output>
  <suite started-at="2025-04-29T11:51:16 IST" name="Suite" finished-at="2025-04-29T11:51:31 IST" duration-ms="14361">
    <groups>
    </groups>
    <test started-at="2025-04-29T11:51:16 IST" name="HomePageTest" finished-at="2025-04-29T11:51:21 IST" duration-ms="4676">
      <class name="com.CRM.TestCase.HomePageTestCase">
        <test-method is-config="true" signature="setUp()[pri:0, instance:com.CRM.TestCase.HomePageTestCase@544fa968]" started-at="2025-04-29T11:51:16 IST" name="setUp" finished-at="2025-04-29T11:51:20 IST" duration-ms="3948" status="PASS">
          <reporter-output>
          </reporter-output>
        </test-method> <!-- setUp -->
        <test-method signature="testAppUrl()[pri:1, instance:com.CRM.TestCase.HomePageTestCase@544fa968]" started-at="2025-04-29T11:51:20 IST" name="testAppUrl" finished-at="2025-04-29T11:51:20 IST" duration-ms="31" status="PASS">
          <reporter-output>
          </reporter-output>
        </test-method> <!-- testAppUrl -->
        <test-method signature="testAppTitle()[pri:2, instance:com.CRM.TestCase.HomePageTestCase@544fa968]" started-at="2025-04-29T11:51:20 IST" name="testAppTitle" finished-at="2025-04-29T11:51:20 IST" duration-ms="22" status="PASS">
          <reporter-output>
          </reporter-output>
        </test-method> <!-- testAppTitle -->
        <test-method signature="testSignInLink()[pri:3, instance:com.CRM.TestCase.HomePageTestCase@544fa968]" started-at="2025-04-29T11:51:20 IST" name="testSignInLink" finished-at="2025-04-29T11:51:21 IST" duration-ms="588" status="PASS">
          <reporter-output>
          </reporter-output>
        </test-method> <!-- testSignInLink -->
      </class> <!-- com.CRM.TestCase.HomePageTestCase -->
    </test> <!-- HomePageTest -->
    <test started-at="2025-04-29T11:51:21 IST" name="LoginPageTest" finished-at="2025-04-29T11:51:31 IST" duration-ms="9566">
      <class name="com.CRM.TestCase.LoginPageTestCase">
        <test-method is-config="true" signature="setUp()[pri:0, instance:com.CRM.TestCase.LoginPageTestCase@63070bab]" started-at="2025-04-29T11:51:21 IST" name="setUp" finished-at="2025-04-29T11:51:25 IST" duration-ms="4112" status="PASS">
          <reporter-output>
          </reporter-output>
        </test-method> <!-- setUp -->
        <test-method is-config="true" signature="pageSetUp()[pri:0, instance:com.CRM.TestCase.LoginPageTestCase@63070bab]" started-at="2025-04-29T11:51:25 IST" name="pageSetUp" finished-at="2025-04-29T11:51:26 IST" duration-ms="907" status="PASS">
          <reporter-output>
          </reporter-output>
        </test-method> <!-- pageSetUp -->
        <test-method signature="validateLogin()[pri:0, instance:com.CRM.TestCase.LoginPageTestCase@63070bab]" started-at="2025-04-29T11:51:26 IST" name="validateLogin" finished-at="2025-04-29T11:51:31 IST" duration-ms="4536" status="FAIL">
          <exception class="java.lang.AssertionError">
            <message>
              <![CDATA[Test Fail : Login Fail! expected [true] but found [false]]]>
            </message>
            <full-stacktrace>
              <![CDATA[java.lang.AssertionError: Test Fail : Login Fail! expected [true] but found [false]
at org.testng.Assert.fail(Assert.java:111)
at org.testng.Assert.failNotEquals(Assert.java:1590)
at org.testng.Assert.assertTrue(Assert.java:57)
at com.CRM.TestCase.LoginPageTestCase.validateLogin(LoginPageTestCase.java:23)
at java.base/jdk.internal.reflect.DirectMethodHandleAccessor.invoke(DirectMethodHandleAccessor.java:103)
at java.base/java.lang.reflect.Method.invoke(Method.java:580)
at org.testng.internal.invokers.MethodInvocationHelper.invokeMethod(MethodInvocationHelper.java:141)
at org.testng.internal.invokers.TestInvoker.invokeMethod(TestInvoker.java:687)
at org.testng.internal.invokers.TestInvoker.invokeTestMethod(TestInvoker.java:230)
at org.testng.internal.invokers.MethodRunner.runInSequence(MethodRunner.java:63)
at org.testng.internal.invokers.TestInvoker$MethodInvocationAgent.invoke(TestInvoker.java:995)
at org.testng.internal.invokers.TestInvoker.invokeTestMethods(TestInvoker.java:203)
at org.testng.internal.invokers.TestMethodWorker.invokeTestMethods(TestMethodWorker.java:154)
at org.testng.internal.invokers.TestMethodWorker.run(TestMethodWorker.java:134)
at java.base/java.util.ArrayList.forEach(ArrayList.java:1597)
at org.testng.TestRunner.privateRun(TestRunner.java:741)
at org.testng.TestRunner.run(TestRunner.java:616)
at org.testng.SuiteRunner.runTest(SuiteRunner.java:421)
at org.testng.SuiteRunner.runSequentially(SuiteRunner.java:413)
at org.testng.SuiteRunner.privateRun(SuiteRunner.java:373)
at org.testng.SuiteRunner.run(SuiteRunner.java:312)
at org.testng.SuiteRunnerWorker.runSuite(SuiteRunnerWorker.java:52)
at org.testng.SuiteRunnerWorker.run(SuiteRunnerWorker.java:95)
at org.testng.TestNG.runSuitesSequentially(TestNG.java:1274)
at org.testng.TestNG.runSuitesLocally(TestNG.java:1208)
at org.testng.TestNG.runSuites(TestNG.java:1112)
at org.testng.TestNG.run(TestNG.java:1079)
at org.testng.remote.AbstractRemoteTestNG.run(AbstractRemoteTestNG.java:115)
at org.testng.remote.RemoteTestNG.initAndRun(RemoteTestNG.java:293)
at org.testng.remote.RemoteTestNG.main(RemoteTestNG.java:91)
]]>
            </full-stacktrace>
          </exception> <!-- java.lang.AssertionError -->
          <reporter-output>
          </reporter-output>
        </test-method> <!-- validateLogin -->
      </class> <!-- com.CRM.TestCase.LoginPageTestCase -->
    </test> <!-- LoginPageTest -->
  </suite> <!-- Suite -->
</testng-results>
