<?xml version="1.0" encoding="UTF-8"?>
<testng-results ignored="0" total="1" passed="1" failed="0" skipped="0">
  <reporter-output>
  </reporter-output>
  <suite started-at="2026-01-26T15:13:05 IST" name="CapstoneSuite" finished-at="2026-01-26T15:13:27 IST" duration-ms="22590">
    <groups>
      <group name="cucumber">
        <method signature="AbstractTestNGCucumberTests.runScenario(io.cucumber.testng.PickleWrapper,io.cucumber.testng.FeatureWrapper)[pri:0, instance:com.runner.TestRunner@544d57e]" name="runScenario" class="io.cucumber.testng.AbstractTestNGCucumberTests"/>
      </group> <!-- cucumber -->
    </groups>
    <test started-at="2026-01-26T15:13:05 IST" name="WordPressTest" finished-at="2026-01-26T15:13:27 IST" duration-ms="22590">
      <class name="com.runner.TestRunner">
        <test-method is-config="true" signature="setUpClass(org.testng.ITestContext)[pri:0, instance:com.runner.TestRunner@544d57e]" started-at="2026-01-26T15:13:05 IST" name="setUpClass" finished-at="2026-01-26T15:13:06 IST" duration-ms="915" status="PASS">
          <params>
            <param index="0">
              <value>
                <![CDATA[org.testng.TestRunner@dd2856e]]>
              </value>
            </param>
          </params>
          <reporter-output>
          </reporter-output>
        </test-method> <!-- setUpClass -->
        <test-method signature="runScenario(io.cucumber.testng.PickleWrapper,io.cucumber.testng.FeatureWrapper)[pri:0, instance:com.runner.TestRunner@544d57e]" started-at="2026-01-26T15:13:06 IST" name="runScenario" description="Runs Cucumber Scenarios" data-provider="scenarios" finished-at="2026-01-26T15:13:27 IST" duration-ms="21569" status="PASS">
          <params>
            <param index="0">
              <value>
                <![CDATA["Verify WordPress site"]]>
              </value>
            </param>
            <param index="1">
              <value>
                <![CDATA["WordPress Automation"]]>
              </value>
            </param>
          </params>
          <reporter-output>
          </reporter-output>
        </test-method> <!-- runScenario -->
        <test-method is-config="true" signature="tearDownClass()[pri:0, instance:com.runner.TestRunner@544d57e]" started-at="2026-01-26T15:13:27 IST" name="tearDownClass" finished-at="2026-01-26T15:13:27 IST" duration-ms="27" status="PASS">
          <reporter-output>
          </reporter-output>
        </test-method> <!-- tearDownClass -->
      </class> <!-- com.runner.TestRunner -->
    </test> <!-- WordPressTest -->
  </suite> <!-- CapstoneSuite -->
</testng-results>
