<?xml version="1.0" encoding="UTF-8"?>
<!-- Generated by org.testng.reporters.JUnitReportReporter -->
<testsuite hostname="durga" failures="0" tests="3" name="com.CRM.TestCase.HomePageTestCase" time="1.743" errors="0" timestamp="2025-05-06T12:12:48 IST" skipped="0">
  <testcase classname="com.CRM.TestCase.HomePageTestCase" name="testAppUrl" time="0.032"/>
  <testcase classname="com.CRM.TestCase.HomePageTestCase" name="testAppTitle" time="0.015"/>
  <testcase classname="com.CRM.TestCase.HomePageTestCase" name="testSignInLink" time="1.696"/>
</testsuite> <!-- com.CRM.TestCase.HomePageTestCase -->
