<?xml version="1.0" encoding="UTF-8"?>
<!-- Generated by org.testng.reporters.JUnitReportReporter -->
<testsuite hostname="durga" failures="0" tests="4" name="com.Calculator.Calculator_Test" time="0.036" errors="0" timestamp="2025-12-20T17:50:50 IST" skipped="0">
  <testcase classname="com.Calculator.Calculator_Test" name="testAddition" time="0.026"/>
  <testcase classname="com.Calculator.Calculator_Test" name="testSubtraction" time="0.004"/>
  <testcase classname="com.Calculator.Calculator_Test" name="testMultiplication" time="0.002"/>
  <testcase classname="com.Calculator.Calculator_Test" name="testDivision" time="0.004"/>
</testsuite> <!-- com.Calculator.Calculator_Test -->
