<?xml version="1.0" encoding="UTF-8"?>
<!-- Generated by org.testng.reporters.JUnitReportReporter -->
<testsuite hostname="durga" failures="0" tests="3" name="com.CRM.TestCase.HomePageTestCase" time="2.634" errors="0" timestamp="2025-05-01T12:19:42 IST" skipped="0">
  <testcase classname="com.CRM.TestCase.HomePageTestCase" name="testAppUrl" time="0.021"/>
  <testcase classname="com.CRM.TestCase.HomePageTestCase" name="testAppTitle" time="0.021"/>
  <testcase classname="com.CRM.TestCase.HomePageTestCase" name="testSignInLink" time="2.592"/>
</testsuite> <!-- com.CRM.TestCase.HomePageTestCase -->
