<?xml version="1.0" encoding="UTF-8"?>
<!-- Generated by org.testng.reporters.JUnitReportReporter -->
<testsuite hostname="durga" failures="0" tests="4" name="com.Calculator.Calculator_Test" time="0.007" errors="0" timestamp="2025-12-21T12:11:48 IST" skipped="0">
  <testcase classname="com.Calculator.Calculator_Test" name="testAddition" time="0.006"/>
  <testcase classname="com.Calculator.Calculator_Test" name="testSubtraction" time="0.000"/>
  <testcase classname="com.Calculator.Calculator_Test" name="testMultiplication" time="0.000"/>
  <testcase classname="com.Calculator.Calculator_Test" name="testDivision" time="0.001"/>
</testsuite> <!-- com.Calculator.Calculator_Test -->
