<?xml version="1.0" encoding="UTF-8"?>
<!-- Generated by org.testng.reporters.JUnitReportReporter -->
<testsuite hostname="durga" failures="0" tests="3" name="com.CRM.TestCase.HomePageTestCase" time="1.303" errors="0" timestamp="2025-05-06T11:53:37 IST" skipped="0">
  <testcase classname="com.CRM.TestCase.HomePageTestCase" name="testAppUrl" time="0.026"/>
  <testcase classname="com.CRM.TestCase.HomePageTestCase" name="testAppTitle" time="0.015"/>
  <testcase classname="com.CRM.TestCase.HomePageTestCase" name="testSignInLink" time="1.262"/>
</testsuite> <!-- com.CRM.TestCase.HomePageTestCase -->
